0 info it worked if it ends with ok
1 verbose cli [ '/usr/local/bin/node', '/usr/local/bin/npm', 'run', 'start' ]
2 info using npm@3.10.10
3 info using node@v6.10.3
4 verbose run-script [ 'prestart', 'start', 'poststart' ]
5 info lifecycle express-es6-rest-api@0.3.0~prestart: express-es6-rest-api@0.3.0
6 verbose lifecycle express-es6-rest-api@0.3.0~prestart: unsafe-perm in lifecycle true
7 verbose lifecycle express-es6-rest-api@0.3.0~prestart: PATH: /usr/local/lib/node_modules/npm/bin/node-gyp-bin:/Users/Jiaqi/Desktop/straightbeta/node_modules/.bin:/Users/Jiaqi/Library/Enthought/Canopy_64bit/User/bin:/Library/Frameworks/Python.framework/Versions/3.5/bin:/opt/local/bin:/opt/local/sbin:/usr/local/bin:/usr/bin:/bin:/usr/sbin:/sbin:/opt/X11/bin
8 verbose lifecycle express-es6-rest-api@0.3.0~prestart: CWD: /Users/Jiaqi/Desktop/straightbeta
9 silly lifecycle express-es6-rest-api@0.3.0~prestart: Args: [ '-c', 'npm run -s build' ]
10 silly lifecycle express-es6-rest-api@0.3.0~prestart: Returned: code: 0  signal: null
11 info lifecycle express-es6-rest-api@0.3.0~start: express-es6-rest-api@0.3.0
12 verbose lifecycle express-es6-rest-api@0.3.0~start: unsafe-perm in lifecycle true
13 verbose lifecycle express-es6-rest-api@0.3.0~start: PATH: /usr/local/lib/node_modules/npm/bin/node-gyp-bin:/Users/Jiaqi/Desktop/straightbeta/node_modules/.bin:/Users/Jiaqi/Library/Enthought/Canopy_64bit/User/bin:/Library/Frameworks/Python.framework/Versions/3.5/bin:/opt/local/bin:/opt/local/sbin:/usr/local/bin:/usr/bin:/bin:/usr/sbin:/sbin:/opt/X11/bin
14 verbose lifecycle express-es6-rest-api@0.3.0~start: CWD: /Users/Jiaqi/Desktop/straightbeta
15 silly lifecycle express-es6-rest-api@0.3.0~start: Args: [ '-c',
15 silly lifecycle   './node_modules/babel-cli/bin/babel-node.js dist/index.js' ]
16 silly lifecycle express-es6-rest-api@0.3.0~start: Returned: code: 1  signal: null
17 info lifecycle express-es6-rest-api@0.3.0~start: Failed to exec start script
18 verbose stack Error: express-es6-rest-api@0.3.0 start: `./node_modules/babel-cli/bin/babel-node.js dist/index.js`
18 verbose stack Exit status 1
18 verbose stack     at EventEmitter.<anonymous> (/usr/local/lib/node_modules/npm/lib/utils/lifecycle.js:255:16)
18 verbose stack     at emitTwo (events.js:106:13)
18 verbose stack     at EventEmitter.emit (events.js:191:7)
18 verbose stack     at ChildProcess.<anonymous> (/usr/local/lib/node_modules/npm/lib/utils/spawn.js:40:14)
18 verbose stack     at emitTwo (events.js:106:13)
18 verbose stack     at ChildProcess.emit (events.js:191:7)
18 verbose stack     at maybeClose (internal/child_process.js:886:16)
18 verbose stack     at Process.ChildProcess._handle.onexit (internal/child_process.js:226:5)
19 verbose pkgid express-es6-rest-api@0.3.0
20 verbose cwd /Users/Jiaqi/Desktop/straightbeta
21 error Darwin 16.6.0
22 error argv "/usr/local/bin/node" "/usr/local/bin/npm" "run" "start"
23 error node v6.10.3
24 error npm  v3.10.10
25 error code ELIFECYCLE
26 error express-es6-rest-api@0.3.0 start: `./node_modules/babel-cli/bin/babel-node.js dist/index.js`
26 error Exit status 1
27 error Failed at the express-es6-rest-api@0.3.0 start script './node_modules/babel-cli/bin/babel-node.js dist/index.js'.
27 error Make sure you have the latest version of node.js and npm installed.
27 error If you do, this is most likely a problem with the express-es6-rest-api package,
27 error not with npm itself.
27 error Tell the author that this fails on your system:
27 error     ./node_modules/babel-cli/bin/babel-node.js dist/index.js
27 error You can get information on how to open an issue for this project with:
27 error     npm bugs express-es6-rest-api
27 error Or if that isn't available, you can get their info via:
27 error     npm owner ls express-es6-rest-api
27 error There is likely additional logging output above.
28 verbose exit [ 1, true ]
